Assembler report for H1200_StepMotorControl_GHRD
Thu Jan 25 14:10:57 2024
Quartus Prime Version 22.1std.1 Build 917 02/14/2023 SC Lite Edition


---------------------
; Table of Contents ;
---------------------
  1. Legal Notice
  2. Assembler Summary
  3. Assembler Settings
  4. Assembler Generated Files
  5. Assembler Device Options: D:/LH_Local/02-Development/Software/H1200/EmbeddedSoftwareDevelop/V1.0/ActionFPGA_StepMotorEncoder/Code/ProjectFiles/output_files/H1200_StepMotorControl_GHRD.sof
  6. Assembler Device Options: D:/LH_Local/02-Development/Software/H1200/EmbeddedSoftwareDevelop/V1.0/ActionFPGA_StepMotorEncoder/Code/ProjectFiles/output_files/H1200_StepMotorControl_GHRD.pof
  7. Assembler Messages



----------------
; Legal Notice ;
----------------
Copyright (C) 2023  Intel Corporation. All rights reserved.
Your use of Intel Corporation's design tools, logic functions 
and other software and tools, and any partner logic 
functions, and any output files from any of the foregoing 
(including device programming or simulation files), and any 
associated documentation or information are expressly subject 
to the terms and conditions of the Intel Program License 
Subscription Agreement, the Intel Quartus Prime License Agreement,
the Intel FPGA IP License Agreement, or other applicable license
agreement, including, without limitation, that your use is for
the sole purpose of programming logic devices manufactured by
Intel and sold by Intel or its authorized distributors.  Please
refer to the applicable agreement for further details, at
https://fpgasoftware.intel.com/eula.



+---------------------------------------------------------------+
; Assembler Summary                                             ;
+-----------------------+---------------------------------------+
; Assembler Status      ; Successful - Thu Jan 25 14:10:57 2024 ;
; Revision Name         ; H1200_StepMotorControl_GHRD           ;
; Top-level Entity Name ; H1200_StepMotorControl_GHRD           ;
; Family                ; Cyclone 10 LP                         ;
; Device                ; 10CL080YU484I7G                       ;
+-----------------------+---------------------------------------+


+----------------------------------+
; Assembler Settings               ;
+--------+---------+---------------+
; Option ; Setting ; Default Value ;
+--------+---------+---------------+


+-------------------------------------------------------------------------------------------------------------------------------------------------------------------+
; Assembler Generated Files                                                                                                                                         ;
+-------------------------------------------------------------------------------------------------------------------------------------------------------------------+
; File Name                                                                                                                                                         ;
+-------------------------------------------------------------------------------------------------------------------------------------------------------------------+
; D:/LH_Local/02-Development/Software/H1200/EmbeddedSoftwareDevelop/V1.0/ActionFPGA_StepMotorEncoder/Code/ProjectFiles/output_files/H1200_StepMotorControl_GHRD.sof ;
; D:/LH_Local/02-Development/Software/H1200/EmbeddedSoftwareDevelop/V1.0/ActionFPGA_StepMotorEncoder/Code/ProjectFiles/output_files/H1200_StepMotorControl_GHRD.pof ;
+-------------------------------------------------------------------------------------------------------------------------------------------------------------------+


+---------------------------------------------------------------------------------------------------------------------------------------------------------------------------------------------+
; Assembler Device Options: D:/LH_Local/02-Development/Software/H1200/EmbeddedSoftwareDevelop/V1.0/ActionFPGA_StepMotorEncoder/Code/ProjectFiles/output_files/H1200_StepMotorControl_GHRD.sof ;
+----------------+----------------------------------------------------------------------------------------------------------------------------------------------------------------------------+
; Option         ; Setting                                                                                                                                                                    ;
+----------------+----------------------------------------------------------------------------------------------------------------------------------------------------------------------------+
; JTAG usercode  ; 0x01D5A3B2                                                                                                                                                                 ;
; Checksum       ; 0x01D5A3B2                                                                                                                                                                 ;
+----------------+----------------------------------------------------------------------------------------------------------------------------------------------------------------------------+


+---------------------------------------------------------------------------------------------------------------------------------------------------------------------------------------------+
; Assembler Device Options: D:/LH_Local/02-Development/Software/H1200/EmbeddedSoftwareDevelop/V1.0/ActionFPGA_StepMotorEncoder/Code/ProjectFiles/output_files/H1200_StepMotorControl_GHRD.pof ;
+--------------------+------------------------------------------------------------------------------------------------------------------------------------------------------------------------+
; Option             ; Setting                                                                                                                                                                ;
+--------------------+------------------------------------------------------------------------------------------------------------------------------------------------------------------------+
; JTAG usercode      ; 0x00000000                                                                                                                                                             ;
; Checksum           ; 0xF188BA28                                                                                                                                                             ;
; Compression Ratio  ; 2                                                                                                                                                                      ;
+--------------------+------------------------------------------------------------------------------------------------------------------------------------------------------------------------+


+--------------------+
; Assembler Messages ;
+--------------------+
Info: *******************************************************************
Info: Running Quartus Prime Assembler
    Info: Version 22.1std.1 Build 917 02/14/2023 SC Lite Edition
    Info: Processing started: Thu Jan 25 14:10:52 2024
Info: Command: quartus_asm --read_settings_files=off --write_settings_files=off H1200_StepMotorControl_GHRD -c H1200_StepMotorControl_GHRD
Warning (18236): Number of processors has not been specified which may cause overloading on shared machines.  Set the global assignment NUM_PARALLEL_PROCESSORS in your QSF to an appropriate value for best performance.
Info (115031): Writing out detailed assembly data for power analysis
Info (115030): Assembler is generating device programming files
Info: Quartus Prime Assembler was successful. 0 errors, 1 warning
    Info: Peak virtual memory: 4914 megabytes
    Info: Processing ended: Thu Jan 25 14:10:57 2024
    Info: Elapsed time: 00:00:05
    Info: Total CPU time (on all processors): 00:00:01


