Flow report for H1200_StepMotorControl_GHRD
Thu Jan 25 14:11:14 2024
Quartus Prime Version 22.1std.1 Build 917 02/14/2023 SC Lite Edition


---------------------
; Table of Contents ;
---------------------
  1. Legal Notice
  2. Flow Summary
  3. Flow Settings
  4. Flow Non-Default Global Settings
  5. Flow Elapsed Time
  6. Flow OS Summary
  7. Flow Log
  8. Flow Messages
  9. Flow Suppressed Messages



----------------
; Legal Notice ;
----------------
Copyright (C) 2023  Intel Corporation. All rights reserved.
Your use of Intel Corporation's design tools, logic functions 
and other software and tools, and any partner logic 
functions, and any output files from any of the foregoing 
(including device programming or simulation files), and any 
associated documentation or information are expressly subject 
to the terms and conditions of the Intel Program License 
Subscription Agreement, the Intel Quartus Prime License Agreement,
the Intel FPGA IP License Agreement, or other applicable license
agreement, including, without limitation, that your use is for
the sole purpose of programming logic devices manufactured by
Intel and sold by Intel or its authorized distributors.  Please
refer to the applicable agreement for further details, at
https://fpgasoftware.intel.com/eula.



+-------------------------------------------------------------------------------------+
; Flow Summary                                                                        ;
+------------------------------------+------------------------------------------------+
; Flow Status                        ; Successful - Thu Jan 25 14:11:14 2024          ;
; Quartus Prime Version              ; 22.1std.1 Build 917 02/14/2023 SC Lite Edition ;
; Revision Name                      ; H1200_StepMotorControl_GHRD                    ;
; Top-level Entity Name              ; H1200_StepMotorControl_GHRD                    ;
; Family                             ; Cyclone 10 LP                                  ;
; Device                             ; 10CL080YU484I7G                                ;
; Timing Models                      ; Final                                          ;
; Total logic elements               ; 39,876 / 81,264 ( 49 % )                       ;
;     Total combinational functions  ; 35,572 / 81,264 ( 44 % )                       ;
;     Dedicated logic registers      ; 16,580 / 81,264 ( 20 % )                       ;
; Total registers                    ; 16580                                          ;
; Total pins                         ; 173 / 290 ( 60 % )                             ;
; Total virtual pins                 ; 256                                            ;
; Total memory bits                  ; 1,048,576 / 2,810,880 ( 37 % )                 ;
; Embedded Multiplier 9-bit elements ; 112 / 488 ( 23 % )                             ;
; Total PLLs                         ; 2 / 4 ( 50 % )                                 ;
+------------------------------------+------------------------------------------------+


+-------------------------------------------------+
; Flow Settings                                   ;
+-------------------+-----------------------------+
; Option            ; Setting                     ;
+-------------------+-----------------------------+
; Start date & time ; 01/25/2024 14:03:47         ;
; Main task         ; Compilation                 ;
; Revision Name     ; H1200_StepMotorControl_GHRD ;
+-------------------+-----------------------------+


+-------------------------------------------------------------------------------------------------------------------------------------------------------------------------------------------------+
; Flow Non-Default Global Settings                                                                                                                                                                ;
+-------------------------------------+-----------------------------------------------------------------------------------------+---------------+-------------+-----------------------------------+
; Assignment Name                     ; Value                                                                                   ; Default Value ; Entity Name ; Section Id                        ;
+-------------------------------------+-----------------------------------------------------------------------------------------+---------------+-------------+-----------------------------------+
; COMPILER_SIGNATURE_ID               ; 193675817429964.170616262702528                                                         ; --            ; --          ; --                                ;
; EDA_GENERATE_FUNCTIONAL_NETLIST     ; Off                                                                                     ; --            ; --          ; eda_board_design_timing           ;
; EDA_GENERATE_FUNCTIONAL_NETLIST     ; Off                                                                                     ; --            ; --          ; eda_board_design_boundary_scan    ;
; EDA_GENERATE_FUNCTIONAL_NETLIST     ; Off                                                                                     ; --            ; --          ; eda_board_design_signal_integrity ;
; EDA_GENERATE_FUNCTIONAL_NETLIST     ; Off                                                                                     ; --            ; --          ; eda_board_design_symbol           ;
; EDA_OUTPUT_DATA_FORMAT              ; Verilog Hdl                                                                             ; --            ; --          ; eda_simulation                    ;
; EDA_SIMULATION_TOOL                 ; ModelSim (Verilog)                                                                      ; <None>        ; --          ; --                                ;
; EDA_TIME_SCALE                      ; 1 ps                                                                                    ; --            ; --          ; eda_simulation                    ;
; MAX_CORE_JUNCTION_TEMP              ; 100                                                                                     ; --            ; --          ; --                                ;
; MIN_CORE_JUNCTION_TEMP              ; -40                                                                                     ; --            ; --          ; --                                ;
; MISC_FILE                           ; ../IP/IP_PLL_50M/clk_50m_pll_ip_bb.v                                                    ; --            ; --          ; --                                ;
; MISC_FILE                           ; ../IP/IP_PLL_50M/clk_50m_pll_ip.ppf                                                     ; --            ; --          ; --                                ;
; MISC_FILE                           ; ../IP/IP_PLL_24M/clk_24m_pll_ip_bb.v                                                    ; --            ; --          ; --                                ;
; MISC_FILE                           ; ../IP/IP_PLL_24M/clk_24m_pll_ip.ppf                                                     ; --            ; --          ; --                                ;
; MISC_FILE                           ; ../IP/IP_STEP_MOTOR_RAM/step_motor_table_ram.bsf                                        ; --            ; --          ; --                                ;
; MISC_FILE                           ; ../IP/IP_STEP_MOTOR_RAM/step_motor_table_ram_bb.v                                       ; --            ; --          ; --                                ;
; MISC_FILE                           ; ../IP/IP_STEP_MOTOR_RAM/step_motor_table_ram.inc                                        ; --            ; --          ; --                                ;
; MISC_FILE                           ; ../IP/IP_motor_encoder_mul_pos/motor_encoder_mul_pos.cmp                                ; --            ; --          ; --                                ;
; MISC_FILE                           ; ../IP/IP_motor_encoder_mul_pos/motor_encoder_mul_pos_sim/motor_encoder_mul_pos.vo       ; --            ; --          ; --                                ;
; MISC_FILE                           ; ../IP/IP_motor_encoder_fp_to_int/motor_encoder_fp_to_int.cmp                            ; --            ; --          ; --                                ;
; MISC_FILE                           ; ../IP/IP_motor_encoder_fp_to_int/motor_encoder_fp_to_int_sim/motor_encoder_fp_to_int.vo ; --            ; --          ; --                                ;
; MISC_FILE                           ; ../IP/IP_motor_encoder_int_to_fp/motor_encoder_int_to_fp.cmp                            ; --            ; --          ; --                                ;
; MISC_FILE                           ; ../IP/IP_motor_encoder_int_to_fp/motor_encoder_int_to_fp_sim/motor_encoder_int_to_fp.vo ; --            ; --          ; --                                ;
; NOMINAL_CORE_SUPPLY_VOLTAGE         ; 1.2V                                                                                    ; --            ; --          ; --                                ;
; OUTPUT_IO_TIMING_FAR_END_VMEAS      ; Half Signal Swing                                                                       ; --            ; --          ; --                                ;
; OUTPUT_IO_TIMING_FAR_END_VMEAS      ; Half Signal Swing                                                                       ; --            ; --          ; --                                ;
; OUTPUT_IO_TIMING_NEAR_END_VMEAS     ; Half Vccio                                                                              ; --            ; --          ; --                                ;
; OUTPUT_IO_TIMING_NEAR_END_VMEAS     ; Half Vccio                                                                              ; --            ; --          ; --                                ;
; PARTITION_COLOR                     ; -- (Not supported for targeted family)                                                  ; --            ; --          ; Top                               ;
; PARTITION_FITTER_PRESERVATION_LEVEL ; -- (Not supported for targeted family)                                                  ; --            ; --          ; Top                               ;
; PARTITION_NETLIST_TYPE              ; -- (Not supported for targeted family)                                                  ; --            ; --          ; Top                               ;
; POWER_BOARD_THERMAL_MODEL           ; None (CONSERVATIVE)                                                                     ; --            ; --          ; --                                ;
; POWER_PRESET_COOLING_SOLUTION       ; 23 MM HEAT SINK WITH 200 LFPM AIRFLOW                                                   ; --            ; --          ; --                                ;
; PROJECT_OUTPUT_DIRECTORY            ; output_files                                                                            ; --            ; --          ; --                                ;
; SPD_FILE                            ; ../IP/IP_motor_encoder_mul_pos/motor_encoder_mul_pos.spd                                ; --            ; --          ; --                                ;
; SPD_FILE                            ; ../IP/IP_motor_encoder_fp_to_int/motor_encoder_fp_to_int.spd                            ; --            ; --          ; --                                ;
; SPD_FILE                            ; ../IP/IP_motor_encoder_int_to_fp/motor_encoder_int_to_fp.spd                            ; --            ; --          ; --                                ;
; SYNTHESIS_ONLY_QIP                  ; On                                                                                      ; --            ; --          ; --                                ;
; SYNTHESIS_ONLY_QIP                  ; On                                                                                      ; --            ; --          ; --                                ;
; SYNTHESIS_ONLY_QIP                  ; On                                                                                      ; --            ; --          ; --                                ;
+-------------------------------------+-----------------------------------------------------------------------------------------+---------------+-------------+-----------------------------------+


+--------------------------------------------------------------------------------------------------------------------------+
; Flow Elapsed Time                                                                                                        ;
+----------------------+--------------+-------------------------+---------------------+------------------------------------+
; Module Name          ; Elapsed Time ; Average Processors Used ; Peak Virtual Memory ; Total CPU Time (on all processors) ;
+----------------------+--------------+-------------------------+---------------------+------------------------------------+
; Analysis & Synthesis ; 00:01:13     ; 1.2                     ; 5594 MB             ; 00:00:30                           ;
; Fitter               ; 00:05:43     ; 1.4                     ; 7285 MB             ; 00:01:53                           ;
; Assembler            ; 00:00:05     ; 1.0                     ; 4914 MB             ; 00:00:01                           ;
; Timing Analyzer      ; 00:00:10     ; 2.7                     ; 5543 MB             ; 00:00:07                           ;
; EDA Netlist Writer   ; 00:00:05     ; 1.0                     ; 4923 MB             ; 00:00:02                           ;
; Total                ; 00:07:16     ; --                      ; --                  ; 00:02:33                           ;
+----------------------+--------------+-------------------------+---------------------+------------------------------------+


+------------------------------------------------------------------------------------+
; Flow OS Summary                                                                    ;
+----------------------+------------------+------------+------------+----------------+
; Module Name          ; Machine Hostname ; OS Name    ; OS Version ; Processor type ;
+----------------------+------------------+------------+------------+----------------+
; Analysis & Synthesis ; LiHeDev          ; Windows 10 ; 10.0       ; x86_64         ;
; Fitter               ; LiHeDev          ; Windows 10 ; 10.0       ; x86_64         ;
; Assembler            ; LiHeDev          ; Windows 10 ; 10.0       ; x86_64         ;
; Timing Analyzer      ; LiHeDev          ; Windows 10 ; 10.0       ; x86_64         ;
; EDA Netlist Writer   ; LiHeDev          ; Windows 10 ; 10.0       ; x86_64         ;
+----------------------+------------------+------------+------------+----------------+


------------
; Flow Log ;
------------
quartus_map --read_settings_files=on --write_settings_files=off H1200_StepMotorControl_GHRD -c H1200_StepMotorControl_GHRD
quartus_fit --read_settings_files=off --write_settings_files=off H1200_StepMotorControl_GHRD -c H1200_StepMotorControl_GHRD
quartus_asm --read_settings_files=off --write_settings_files=off H1200_StepMotorControl_GHRD -c H1200_StepMotorControl_GHRD
quartus_sta H1200_StepMotorControl_GHRD -c H1200_StepMotorControl_GHRD
quartus_eda --read_settings_files=off --write_settings_files=off H1200_StepMotorControl_GHRD -c H1200_StepMotorControl_GHRD



