Analysis & Synthesis report for H200_CPLD_Motor12
Fri Oct 27 16:00:19 2023
Quartus Prime Version 22.1std.1 Build 917 02/14/2023 SC Lite Edition


---------------------
; Table of Contents ;
---------------------
  1. Legal Notice
  2. Analysis & Synthesis Summary
  3. Analysis & Synthesis Settings
  4. Parallel Compilation
  5. Analysis & Synthesis Source Files Read
  6. Analysis & Synthesis Resource Usage Summary
  7. Analysis & Synthesis Resource Utilization by Entity
  8. General Register Statistics
  9. Inverted Register Statistics
 10. Multiplexer Restructuring Statistics (Restructuring Performed)
 11. Analysis & Synthesis Messages
 12. Analysis & Synthesis Suppressed Messages



----------------
; Legal Notice ;
----------------
Copyright (C) 2023  Intel Corporation. All rights reserved.
Your use of Intel Corporation's design tools, logic functions 
and other software and tools, and any partner logic 
functions, and any output files from any of the foregoing 
(including device programming or simulation files), and any 
associated documentation or information are expressly subject 
to the terms and conditions of the Intel Program License 
Subscription Agreement, the Intel Quartus Prime License Agreement,
the Intel FPGA IP License Agreement, or other applicable license
agreement, including, without limitation, that your use is for
the sole purpose of programming logic devices manufactured by
Intel and sold by Intel or its authorized distributors.  Please
refer to the applicable agreement for further details, at
https://fpgasoftware.intel.com/eula.



+------------------------------------------------------------------------------+
; Analysis & Synthesis Summary                                                 ;
+-----------------------------+------------------------------------------------+
; Analysis & Synthesis Status ; Successful - Fri Oct 27 16:00:19 2023          ;
; Quartus Prime Version       ; 22.1std.1 Build 917 02/14/2023 SC Lite Edition ;
; Revision Name               ; H200_CPLD_Motor12                              ;
; Top-level Entity Name       ; H200_CPLD_Motor12                              ;
; Family                      ; MAX II                                         ;
; Total logic elements        ; 1,221                                          ;
; Total pins                  ; 112                                            ;
; Total virtual pins          ; 0                                              ;
; UFM blocks                  ; 0 / 1 ( 0 % )                                  ;
+-----------------------------+------------------------------------------------+


+------------------------------------------------------------------------------------------------------------+
; Analysis & Synthesis Settings                                                                              ;
+------------------------------------------------------------------+--------------------+--------------------+
; Option                                                           ; Setting            ; Default Value      ;
+------------------------------------------------------------------+--------------------+--------------------+
; Device                                                           ; EPM1270T144C5      ;                    ;
; Top-level entity name                                            ; H200_CPLD_Motor12  ; H200_CPLD_Motor12  ;
; Family name                                                      ; MAX II             ; Cyclone V          ;
; Use smart compilation                                            ; Off                ; Off                ;
; Enable parallel Assembler and Timing Analyzer during compilation ; On                 ; On                 ;
; Enable compact report table                                      ; Off                ; Off                ;
; Restructure Multiplexers                                         ; Auto               ; Auto               ;
; Create Debugging Nodes for IP Cores                              ; Off                ; Off                ;
; Preserve fewer node names                                        ; On                 ; On                 ;
; Intel FPGA IP Evaluation Mode                                    ; Enable             ; Enable             ;
; Verilog Version                                                  ; Verilog_2001       ; Verilog_2001       ;
; VHDL Version                                                     ; VHDL_1993          ; VHDL_1993          ;
; State Machine Processing                                         ; Auto               ; Auto               ;
; Safe State Machine                                               ; Off                ; Off                ;
; Extract Verilog State Machines                                   ; On                 ; On                 ;
; Extract VHDL State Machines                                      ; On                 ; On                 ;
; Ignore Verilog initial constructs                                ; Off                ; Off                ;
; Iteration limit for constant Verilog loops                       ; 5000               ; 5000               ;
; Iteration limit for non-constant Verilog loops                   ; 250                ; 250                ;
; Add Pass-Through Logic to Inferred RAMs                          ; On                 ; On                 ;
; Infer RAMs from Raw Logic                                        ; On                 ; On                 ;
; Parallel Synthesis                                               ; On                 ; On                 ;
; NOT Gate Push-Back                                               ; On                 ; On                 ;
; Power-Up Don't Care                                              ; On                 ; On                 ;
; Remove Redundant Logic Cells                                     ; Off                ; Off                ;
; Remove Duplicate Registers                                       ; On                 ; On                 ;
; Ignore CARRY Buffers                                             ; Off                ; Off                ;
; Ignore CASCADE Buffers                                           ; Off                ; Off                ;
; Ignore GLOBAL Buffers                                            ; Off                ; Off                ;
; Ignore ROW GLOBAL Buffers                                        ; Off                ; Off                ;
; Ignore LCELL Buffers                                             ; Off                ; Off                ;
; Ignore SOFT Buffers                                              ; On                 ; On                 ;
; Limit AHDL Integers to 32 Bits                                   ; Off                ; Off                ;
; Optimization Technique                                           ; Balanced           ; Balanced           ;
; Carry Chain Length                                               ; 70                 ; 70                 ;
; Auto Carry Chains                                                ; On                 ; On                 ;
; Auto Open-Drain Pins                                             ; On                 ; On                 ;
; Perform WYSIWYG Primitive Resynthesis                            ; Off                ; Off                ;
; Auto Shift Register Replacement                                  ; Auto               ; Auto               ;
; Allow Shift Register Merging across Hierarchies                  ; Auto               ; Auto               ;
; Auto Clock Enable Replacement                                    ; On                 ; On                 ;
; Allow Synchronous Control Signals                                ; On                 ; On                 ;
; Force Use of Synchronous Clear Signals                           ; Off                ; Off                ;
; Auto Resource Sharing                                            ; Off                ; Off                ;
; Use LogicLock Constraints during Resource Balancing              ; On                 ; On                 ;
; Ignore translate_off and synthesis_off directives                ; Off                ; Off                ;
; Report Parameter Settings                                        ; On                 ; On                 ;
; Report Source Assignments                                        ; On                 ; On                 ;
; Report Connectivity Checks                                       ; On                 ; On                 ;
; Ignore Maximum Fan-Out Assignments                               ; Off                ; Off                ;
; Synchronization Register Chain Length                            ; 2                  ; 2                  ;
; Power Optimization During Synthesis                              ; Normal compilation ; Normal compilation ;
; HDL message level                                                ; Level2             ; Level2             ;
; Suppress Register Optimization Related Messages                  ; Off                ; Off                ;
; Number of Removed Registers Reported in Synthesis Report         ; 5000               ; 5000               ;
; Number of Swept Nodes Reported in Synthesis Report               ; 5000               ; 5000               ;
; Number of Inverted Registers Reported in Synthesis Report        ; 100                ; 100                ;
; Clock MUX Protection                                             ; On                 ; On                 ;
; Block Design Naming                                              ; Auto               ; Auto               ;
; Synthesis Effort                                                 ; Auto               ; Auto               ;
; Shift Register Replacement - Allow Asynchronous Clear Signal     ; On                 ; On                 ;
; Analysis & Synthesis Message Level                               ; Medium             ; Medium             ;
; Disable Register Merging Across Hierarchies                      ; Auto               ; Auto               ;
+------------------------------------------------------------------+--------------------+--------------------+


+------------------------------------------+
; Parallel Compilation                     ;
+----------------------------+-------------+
; Processors                 ; Number      ;
+----------------------------+-------------+
; Number detected on machine ; 20          ;
; Maximum allowed            ; 14          ;
;                            ;             ;
; Average used               ; 1.00        ;
; Maximum used               ; 1           ;
;                            ;             ;
; Usage by Processor         ; % Time Used ;
;     Processor 1            ; 100.0%      ;
+----------------------------+-------------+


+---------------------------------------------------------------------------------------------------------------------------------------------------------------------------------------------------------+
; Analysis & Synthesis Source Files Read                                                                                                                                                                  ;
+----------------------------------+-----------------+------------------------+-----------------------------------------------------------------------------------------------------------------+---------+
; File Name with User-Entered Path ; Used in Netlist ; File Type              ; File Name with Absolute Path                                                                                    ; Library ;
+----------------------------------+-----------------+------------------------+-----------------------------------------------------------------------------------------------------------------+---------+
; H200_CPLD_Motor12.v              ; yes             ; User Verilog HDL File  ; D:/LH_Local/02-Development/Software/H1200/EmbeddedSoftwareDevelop/V1.0/ActionCPLD_StepMotor/H200_CPLD_Motor12.v ;         ;
+----------------------------------+-----------------+------------------------+-----------------------------------------------------------------------------------------------------------------+---------+


+-------------------------------------------------------+
; Analysis & Synthesis Resource Usage Summary           ;
+---------------------------------------------+---------+
; Resource                                    ; Usage   ;
+---------------------------------------------+---------+
; Total logic elements                        ; 1221    ;
;     -- Combinational with no register       ; 349     ;
;     -- Register only                        ; 500     ;
;     -- Combinational with a register        ; 372     ;
;                                             ;         ;
; Logic element usage by number of LUT inputs ;         ;
;     -- 4 input functions                    ; 197     ;
;     -- 3 input functions                    ; 120     ;
;     -- 2 input functions                    ; 331     ;
;     -- 1 input functions                    ; 60      ;
;     -- 0 input functions                    ; 13      ;
;                                             ;         ;
; Logic elements by mode                      ;         ;
;     -- normal mode                          ; 861     ;
;     -- arithmetic mode                      ; 360     ;
;     -- qfbk mode                            ; 0       ;
;     -- register cascade mode                ; 0       ;
;     -- synchronous clear/load mode          ; 300     ;
;     -- asynchronous clear/load mode         ; 660     ;
;                                             ;         ;
; Total registers                             ; 872     ;
; Total logic cells in carry chains           ; 396     ;
; I/O pins                                    ; 112     ;
; Maximum fan-out node                        ; mainClk ;
; Maximum fan-out                             ; 860     ;
; Total fan-out                               ; 5211    ;
; Average fan-out                             ; 3.91    ;
+---------------------------------------------+---------+


+-------------------------------------------------------------------------------------------------------------------------------------------------------------------------------------------------------------------------------------------------------------------------------------------------+
; Analysis & Synthesis Resource Utilization by Entity                                                                                                                                                                                                                                             ;
+---------------------------------------------+-------------+--------------+------------+------+--------------+--------------+-------------------+------------------+-----------------+------------+-----------------------------------------------------------+-------------------+--------------+
; Compilation Hierarchy Node                  ; Logic Cells ; LC Registers ; UFM Blocks ; Pins ; Virtual Pins ; LUT-Only LCs ; Register-Only LCs ; LUT/Register LCs ; Carry Chain LCs ; Packed LCs ; Full Hierarchy Name                                       ; Entity Name       ; Library Name ;
+---------------------------------------------+-------------+--------------+------------+------+--------------+--------------+-------------------+------------------+-----------------+------------+-----------------------------------------------------------+-------------------+--------------+
; |H200_CPLD_Motor12                          ; 1221 (17)   ; 872          ; 0          ; 112  ; 0            ; 349 (5)      ; 500 (0)           ; 372 (12)         ; 396 (0)         ; 0 (0)      ; |H200_CPLD_Motor12                                        ; H200_CPLD_Motor12 ; work         ;
;    |FSMC_Interface:FSMC_InterfaceImplement| ; 412 (412)   ; 332          ; 0          ; 0    ; 0            ; 80 (80)      ; 296 (296)         ; 36 (36)          ; 0 (0)           ; 0 (0)      ; |H200_CPLD_Motor12|FSMC_Interface:FSMC_InterfaceImplement ; FSMC_Interface    ; work         ;
;    |StepMotorWithDAcc:stepMotor10|          ; 66 (66)     ; 44           ; 0          ; 0    ; 0            ; 22 (22)      ; 17 (17)           ; 27 (27)          ; 33 (33)         ; 0 (0)      ; |H200_CPLD_Motor12|StepMotorWithDAcc:stepMotor10          ; StepMotorWithDAcc ; work         ;
;    |StepMotorWithDAcc:stepMotor11|          ; 66 (66)     ; 44           ; 0          ; 0    ; 0            ; 22 (22)      ; 17 (17)           ; 27 (27)          ; 33 (33)         ; 0 (0)      ; |H200_CPLD_Motor12|StepMotorWithDAcc:stepMotor11          ; StepMotorWithDAcc ; work         ;
;    |StepMotorWithDAcc:stepMotor12|          ; 66 (66)     ; 44           ; 0          ; 0    ; 0            ; 22 (22)      ; 17 (17)           ; 27 (27)          ; 33 (33)         ; 0 (0)      ; |H200_CPLD_Motor12|StepMotorWithDAcc:stepMotor12          ; StepMotorWithDAcc ; work         ;
;    |StepMotorWithDAcc:stepMotor1|           ; 66 (66)     ; 44           ; 0          ; 0    ; 0            ; 22 (22)      ; 17 (17)           ; 27 (27)          ; 33 (33)         ; 0 (0)      ; |H200_CPLD_Motor12|StepMotorWithDAcc:stepMotor1           ; StepMotorWithDAcc ; work         ;
;    |StepMotorWithDAcc:stepMotor2|           ; 66 (66)     ; 44           ; 0          ; 0    ; 0            ; 22 (22)      ; 17 (17)           ; 27 (27)          ; 33 (33)         ; 0 (0)      ; |H200_CPLD_Motor12|StepMotorWithDAcc:stepMotor2           ; StepMotorWithDAcc ; work         ;
;    |StepMotorWithDAcc:stepMotor3|           ; 66 (66)     ; 44           ; 0          ; 0    ; 0            ; 22 (22)      ; 17 (17)           ; 27 (27)          ; 33 (33)         ; 0 (0)      ; |H200_CPLD_Motor12|StepMotorWithDAcc:stepMotor3           ; StepMotorWithDAcc ; work         ;
;    |StepMotorWithDAcc:stepMotor4|           ; 66 (66)     ; 44           ; 0          ; 0    ; 0            ; 22 (22)      ; 17 (17)           ; 27 (27)          ; 33 (33)         ; 0 (0)      ; |H200_CPLD_Motor12|StepMotorWithDAcc:stepMotor4           ; StepMotorWithDAcc ; work         ;
;    |StepMotorWithDAcc:stepMotor5|           ; 66 (66)     ; 44           ; 0          ; 0    ; 0            ; 22 (22)      ; 17 (17)           ; 27 (27)          ; 33 (33)         ; 0 (0)      ; |H200_CPLD_Motor12|StepMotorWithDAcc:stepMotor5           ; StepMotorWithDAcc ; work         ;
;    |StepMotorWithDAcc:stepMotor6|           ; 66 (66)     ; 44           ; 0          ; 0    ; 0            ; 22 (22)      ; 17 (17)           ; 27 (27)          ; 33 (33)         ; 0 (0)      ; |H200_CPLD_Motor12|StepMotorWithDAcc:stepMotor6           ; StepMotorWithDAcc ; work         ;
;    |StepMotorWithDAcc:stepMotor7|           ; 66 (66)     ; 44           ; 0          ; 0    ; 0            ; 22 (22)      ; 17 (17)           ; 27 (27)          ; 33 (33)         ; 0 (0)      ; |H200_CPLD_Motor12|StepMotorWithDAcc:stepMotor7           ; StepMotorWithDAcc ; work         ;
;    |StepMotorWithDAcc:stepMotor8|           ; 66 (66)     ; 44           ; 0          ; 0    ; 0            ; 22 (22)      ; 17 (17)           ; 27 (27)          ; 33 (33)         ; 0 (0)      ; |H200_CPLD_Motor12|StepMotorWithDAcc:stepMotor8           ; StepMotorWithDAcc ; work         ;
;    |StepMotorWithDAcc:stepMotor9|           ; 66 (66)     ; 44           ; 0          ; 0    ; 0            ; 22 (22)      ; 17 (17)           ; 27 (27)          ; 33 (33)         ; 0 (0)      ; |H200_CPLD_Motor12|StepMotorWithDAcc:stepMotor9           ; StepMotorWithDAcc ; work         ;
+---------------------------------------------+-------------+--------------+------------+------+--------------+--------------+-------------------+------------------+-----------------+------------+-----------------------------------------------------------+-------------------+--------------+
Note: For table entries with two numbers listed, the numbers in parentheses indicate the number of resources of the given type used by the specific entity alone. The numbers listed outside of parentheses indicate the total resources of the given type used by the specific entity and all of its sub-entities in the hierarchy.


+------------------------------------------------------+
; General Register Statistics                          ;
+----------------------------------------------+-------+
; Statistic                                    ; Value ;
+----------------------------------------------+-------+
; Total registers                              ; 872   ;
; Number of registers using Synchronous Clear  ; 192   ;
; Number of registers using Synchronous Load   ; 108   ;
; Number of registers using Asynchronous Clear ; 552   ;
; Number of registers using Asynchronous Load  ; 108   ;
; Number of registers using Clock Enable       ; 824   ;
; Number of registers using Preset             ; 0     ;
+----------------------------------------------+-------+


+----------------------------------------------------------+
; Inverted Register Statistics                             ;
+------------------------------------------------+---------+
; Inverted Register                              ; Fan out ;
+------------------------------------------------+---------+
; FSMC_Interface:FSMC_InterfaceImplement|cdcA[0] ; 1       ;
; FSMC_Interface:FSMC_InterfaceImplement|cdcA[1] ; 1       ;
; FSMC_Interface:FSMC_InterfaceImplement|cdcA[2] ; 1       ;
; FSMC_Interface:FSMC_InterfaceImplement|cdcA[3] ; 1       ;
; FSMC_Interface:FSMC_InterfaceImplement|cdcA[4] ; 1       ;
; FSMC_Interface:FSMC_InterfaceImplement|cdcA[5] ; 1       ;
; FSMC_Interface:FSMC_InterfaceImplement|cdcA[6] ; 1       ;
; FSMC_Interface:FSMC_InterfaceImplement|cdcA[7] ; 1       ;
; FSMC_Interface:FSMC_InterfaceImplement|cdcB[0] ; 1       ;
; FSMC_Interface:FSMC_InterfaceImplement|cdcB[1] ; 1       ;
; FSMC_Interface:FSMC_InterfaceImplement|cdcB[2] ; 1       ;
; FSMC_Interface:FSMC_InterfaceImplement|cdcB[3] ; 1       ;
; FSMC_Interface:FSMC_InterfaceImplement|cdcB[4] ; 1       ;
; FSMC_Interface:FSMC_InterfaceImplement|cdcB[5] ; 1       ;
; FSMC_Interface:FSMC_InterfaceImplement|cdcB[6] ; 1       ;
; FSMC_Interface:FSMC_InterfaceImplement|cdcB[7] ; 1       ;
; FSMC_Interface:FSMC_InterfaceImplement|cdcC[0] ; 1       ;
; FSMC_Interface:FSMC_InterfaceImplement|cdcC[1] ; 1       ;
; FSMC_Interface:FSMC_InterfaceImplement|cdcC[2] ; 1       ;
; FSMC_Interface:FSMC_InterfaceImplement|cdcC[3] ; 1       ;
; FSMC_Interface:FSMC_InterfaceImplement|cdcC[4] ; 1       ;
; FSMC_Interface:FSMC_InterfaceImplement|cdcC[5] ; 1       ;
; FSMC_Interface:FSMC_InterfaceImplement|cdcC[6] ; 1       ;
; FSMC_Interface:FSMC_InterfaceImplement|cdcC[7] ; 1       ;
; FSMC_Interface:FSMC_InterfaceImplement|cdcD[0] ; 1       ;
; FSMC_Interface:FSMC_InterfaceImplement|cdcD[1] ; 1       ;
; FSMC_Interface:FSMC_InterfaceImplement|cdcD[2] ; 1       ;
; FSMC_Interface:FSMC_InterfaceImplement|cdcD[3] ; 1       ;
; FSMC_Interface:FSMC_InterfaceImplement|cdcD[4] ; 1       ;
; FSMC_Interface:FSMC_InterfaceImplement|cdcD[5] ; 1       ;
; FSMC_Interface:FSMC_InterfaceImplement|cdcD[6] ; 1       ;
; FSMC_Interface:FSMC_InterfaceImplement|cdcD[7] ; 1       ;
; FSMC_Interface:FSMC_InterfaceImplement|cdcE[0] ; 1       ;
; FSMC_Interface:FSMC_InterfaceImplement|cdcE[1] ; 1       ;
; FSMC_Interface:FSMC_InterfaceImplement|cdcE[2] ; 1       ;
; FSMC_Interface:FSMC_InterfaceImplement|cdcE[3] ; 1       ;
; StepMotorWithDAcc:stepMotor1|out               ; 2       ;
; StepMotorWithDAcc:stepMotor2|out               ; 2       ;
; StepMotorWithDAcc:stepMotor3|out               ; 2       ;
; StepMotorWithDAcc:stepMotor4|out               ; 2       ;
; StepMotorWithDAcc:stepMotor5|out               ; 2       ;
; StepMotorWithDAcc:stepMotor6|out               ; 2       ;
; StepMotorWithDAcc:stepMotor7|out               ; 2       ;
; StepMotorWithDAcc:stepMotor8|out               ; 2       ;
; StepMotorWithDAcc:stepMotor9|out               ; 2       ;
; StepMotorWithDAcc:stepMotor10|out              ; 2       ;
; StepMotorWithDAcc:stepMotor11|out              ; 2       ;
; StepMotorWithDAcc:stepMotor12|out              ; 2       ;
; Total number of inverted registers = 48        ;         ;
+------------------------------------------------+---------+


+-----------------------------------------------------------------------------------------------------------------------------------------------------------------------------------+
; Multiplexer Restructuring Statistics (Restructuring Performed)                                                                                                                    ;
+--------------------+-----------+---------------+----------------------+------------------------+------------+---------------------------------------------------------------------+
; Multiplexer Inputs ; Bus Width ; Baseline Area ; Area if Restructured ; Saving if Restructured ; Registered ; Example Multiplexer Output                                          ;
+--------------------+-----------+---------------+----------------------+------------------------+------------+---------------------------------------------------------------------+
; 3:1                ; 8 bits    ; 16 LEs        ; 8 LEs                ; 8 LEs                  ; Yes        ; |H200_CPLD_Motor12|StepMotorWithDAcc:stepMotor1|pul_cnt[5]          ;
; 3:1                ; 8 bits    ; 16 LEs        ; 8 LEs                ; 8 LEs                  ; Yes        ; |H200_CPLD_Motor12|StepMotorWithDAcc:stepMotor2|pul_cnt[2]          ;
; 3:1                ; 8 bits    ; 16 LEs        ; 8 LEs                ; 8 LEs                  ; Yes        ; |H200_CPLD_Motor12|StepMotorWithDAcc:stepMotor3|pul_cnt[4]          ;
; 3:1                ; 8 bits    ; 16 LEs        ; 8 LEs                ; 8 LEs                  ; Yes        ; |H200_CPLD_Motor12|StepMotorWithDAcc:stepMotor4|pul_cnt[4]          ;
; 3:1                ; 8 bits    ; 16 LEs        ; 8 LEs                ; 8 LEs                  ; Yes        ; |H200_CPLD_Motor12|StepMotorWithDAcc:stepMotor5|pul_cnt[5]          ;
; 3:1                ; 8 bits    ; 16 LEs        ; 8 LEs                ; 8 LEs                  ; Yes        ; |H200_CPLD_Motor12|StepMotorWithDAcc:stepMotor6|pul_cnt[5]          ;
; 3:1                ; 8 bits    ; 16 LEs        ; 8 LEs                ; 8 LEs                  ; Yes        ; |H200_CPLD_Motor12|StepMotorWithDAcc:stepMotor7|pul_cnt[7]          ;
; 3:1                ; 8 bits    ; 16 LEs        ; 8 LEs                ; 8 LEs                  ; Yes        ; |H200_CPLD_Motor12|StepMotorWithDAcc:stepMotor8|pul_cnt[8]          ;
; 3:1                ; 8 bits    ; 16 LEs        ; 8 LEs                ; 8 LEs                  ; Yes        ; |H200_CPLD_Motor12|StepMotorWithDAcc:stepMotor9|pul_cnt[6]          ;
; 3:1                ; 8 bits    ; 16 LEs        ; 8 LEs                ; 8 LEs                  ; Yes        ; |H200_CPLD_Motor12|StepMotorWithDAcc:stepMotor10|pul_cnt[7]         ;
; 3:1                ; 8 bits    ; 16 LEs        ; 8 LEs                ; 8 LEs                  ; Yes        ; |H200_CPLD_Motor12|StepMotorWithDAcc:stepMotor11|pul_cnt[2]         ;
; 3:1                ; 8 bits    ; 16 LEs        ; 8 LEs                ; 8 LEs                  ; Yes        ; |H200_CPLD_Motor12|StepMotorWithDAcc:stepMotor12|pul_cnt[8]         ;
; 4:1                ; 16 bits   ; 32 LEs        ; 16 LEs               ; 16 LEs                 ; Yes        ; |H200_CPLD_Motor12|StepMotorWithDAcc:stepMotor1|counter[1]          ;
; 4:1                ; 16 bits   ; 32 LEs        ; 16 LEs               ; 16 LEs                 ; Yes        ; |H200_CPLD_Motor12|StepMotorWithDAcc:stepMotor2|counter[2]          ;
; 4:1                ; 16 bits   ; 32 LEs        ; 16 LEs               ; 16 LEs                 ; Yes        ; |H200_CPLD_Motor12|StepMotorWithDAcc:stepMotor3|counter[14]         ;
; 4:1                ; 16 bits   ; 32 LEs        ; 16 LEs               ; 16 LEs                 ; Yes        ; |H200_CPLD_Motor12|StepMotorWithDAcc:stepMotor4|counter[3]          ;
; 4:1                ; 16 bits   ; 32 LEs        ; 16 LEs               ; 16 LEs                 ; Yes        ; |H200_CPLD_Motor12|StepMotorWithDAcc:stepMotor5|counter[8]          ;
; 4:1                ; 16 bits   ; 32 LEs        ; 16 LEs               ; 16 LEs                 ; Yes        ; |H200_CPLD_Motor12|StepMotorWithDAcc:stepMotor6|counter[9]          ;
; 4:1                ; 16 bits   ; 32 LEs        ; 16 LEs               ; 16 LEs                 ; Yes        ; |H200_CPLD_Motor12|StepMotorWithDAcc:stepMotor7|counter[5]          ;
; 4:1                ; 16 bits   ; 32 LEs        ; 16 LEs               ; 16 LEs                 ; Yes        ; |H200_CPLD_Motor12|StepMotorWithDAcc:stepMotor8|counter[11]         ;
; 4:1                ; 16 bits   ; 32 LEs        ; 16 LEs               ; 16 LEs                 ; Yes        ; |H200_CPLD_Motor12|StepMotorWithDAcc:stepMotor9|counter[11]         ;
; 4:1                ; 16 bits   ; 32 LEs        ; 16 LEs               ; 16 LEs                 ; Yes        ; |H200_CPLD_Motor12|StepMotorWithDAcc:stepMotor10|counter[10]        ;
; 4:1                ; 16 bits   ; 32 LEs        ; 16 LEs               ; 16 LEs                 ; Yes        ; |H200_CPLD_Motor12|StepMotorWithDAcc:stepMotor11|counter[6]         ;
; 4:1                ; 16 bits   ; 32 LEs        ; 16 LEs               ; 16 LEs                 ; Yes        ; |H200_CPLD_Motor12|StepMotorWithDAcc:stepMotor12|counter[7]         ;
; 256:1              ; 2 bits    ; 340 LEs       ; 14 LEs               ; 326 LEs                ; No         ; |H200_CPLD_Motor12|FSMC_Interface:FSMC_InterfaceImplement|Selector1 ;
; 256:1              ; 2 bits    ; 340 LEs       ; 8 LEs                ; 332 LEs                ; No         ; |H200_CPLD_Motor12|FSMC_Interface:FSMC_InterfaceImplement|Selector2 ;
; 256:1              ; 4 bits    ; 680 LEs       ; 32 LEs               ; 648 LEs                ; No         ; |H200_CPLD_Motor12|FSMC_Interface:FSMC_InterfaceImplement|Selector6 ;
+--------------------+-----------+---------------+----------------------+------------------------+------------+---------------------------------------------------------------------+


+-------------------------------+
; Analysis & Synthesis Messages ;
+-------------------------------+
Info: *******************************************************************
Info: Running Quartus Prime Analysis & Synthesis
    Info: Version 22.1std.1 Build 917 02/14/2023 SC Lite Edition
    Info: Processing started: Fri Oct 27 16:00:13 2023
Info: Command: quartus_map --read_settings_files=on --write_settings_files=off H200_CPLD_Motor12 -c H200_CPLD_Motor12
Warning (18236): Number of processors has not been specified which may cause overloading on shared machines.  Set the global assignment NUM_PARALLEL_PROCESSORS in your QSF to an appropriate value for best performance.
Info (20030): Parallel compilation is enabled and will use 14 of the 14 processors detected
Info (12021): Found 3 design units, including 3 entities, in source file h200_cpld_motor12.v
    Info (12023): Found entity 1: H200_CPLD_Motor12 File: D:/LH_Local/02-Development/Software/H1200/EmbeddedSoftwareDevelop/V1.0/ActionCPLD_StepMotor/H200_CPLD_Motor12.v Line: 1
    Info (12023): Found entity 2: FSMC_Interface File: D:/LH_Local/02-Development/Software/H1200/EmbeddedSoftwareDevelop/V1.0/ActionCPLD_StepMotor/H200_CPLD_Motor12.v Line: 400
    Info (12023): Found entity 3: StepMotorWithDAcc File: D:/LH_Local/02-Development/Software/H1200/EmbeddedSoftwareDevelop/V1.0/ActionCPLD_StepMotor/H200_CPLD_Motor12.v Line: 651
Info (12127): Elaborating entity "H200_CPLD_Motor12" for the top level hierarchy
Warning (10034): Output port "int0" at H200_CPLD_Motor12.v(8) has no driver File: D:/LH_Local/02-Development/Software/H1200/EmbeddedSoftwareDevelop/V1.0/ActionCPLD_StepMotor/H200_CPLD_Motor12.v Line: 8
Warning (10034): Output port "int2" at H200_CPLD_Motor12.v(10) has no driver File: D:/LH_Local/02-Development/Software/H1200/EmbeddedSoftwareDevelop/V1.0/ActionCPLD_StepMotor/H200_CPLD_Motor12.v Line: 10
Warning (10034): Output port "int3" at H200_CPLD_Motor12.v(11) has no driver File: D:/LH_Local/02-Development/Software/H1200/EmbeddedSoftwareDevelop/V1.0/ActionCPLD_StepMotor/H200_CPLD_Motor12.v Line: 11
Info (12128): Elaborating entity "StepMotorWithDAcc" for hierarchy "StepMotorWithDAcc:stepMotor1" File: D:/LH_Local/02-Development/Software/H1200/EmbeddedSoftwareDevelop/V1.0/ActionCPLD_StepMotor/H200_CPLD_Motor12.v Line: 121
Info (12128): Elaborating entity "FSMC_Interface" for hierarchy "FSMC_Interface:FSMC_InterfaceImplement" File: D:/LH_Local/02-Development/Software/H1200/EmbeddedSoftwareDevelop/V1.0/ActionCPLD_StepMotor/H200_CPLD_Motor12.v Line: 390
Warning (13024): Output pins are stuck at VCC or GND
    Warning (13410): Pin "int0" is stuck at GND File: D:/LH_Local/02-Development/Software/H1200/EmbeddedSoftwareDevelop/V1.0/ActionCPLD_StepMotor/H200_CPLD_Motor12.v Line: 8
    Warning (13410): Pin "int2" is stuck at GND File: D:/LH_Local/02-Development/Software/H1200/EmbeddedSoftwareDevelop/V1.0/ActionCPLD_StepMotor/H200_CPLD_Motor12.v Line: 10
    Warning (13410): Pin "int3" is stuck at GND File: D:/LH_Local/02-Development/Software/H1200/EmbeddedSoftwareDevelop/V1.0/ActionCPLD_StepMotor/H200_CPLD_Motor12.v Line: 11
Info (18000): Registers with preset signals will power-up high File: D:/LH_Local/02-Development/Software/H1200/EmbeddedSoftwareDevelop/V1.0/ActionCPLD_StepMotor/H200_CPLD_Motor12.v Line: 491
Warning (21074): Design contains 1 input pin(s) that do not drive logic
    Warning (15610): No output dependent on input pin "fsmcClk" File: D:/LH_Local/02-Development/Software/H1200/EmbeddedSoftwareDevelop/V1.0/ActionCPLD_StepMotor/H200_CPLD_Motor12.v Line: 12
Info (21057): Implemented 1333 device resources after synthesis - the final resource count might be different
    Info (21058): Implemented 28 input pins
    Info (21059): Implemented 76 output pins
    Info (21060): Implemented 8 bidirectional pins
    Info (21061): Implemented 1221 logic cells
Info (144001): Generated suppressed messages file D:/LH_Local/02-Development/Software/H1200/EmbeddedSoftwareDevelop/V1.0/ActionCPLD_StepMotor/output_files/H200_CPLD_Motor12.map.smsg
Info: Quartus Prime Analysis & Synthesis was successful. 0 errors, 10 warnings
    Info: Peak virtual memory: 4783 megabytes
    Info: Processing ended: Fri Oct 27 16:00:19 2023
    Info: Elapsed time: 00:00:06
    Info: Total CPU time (on all processors): 00:00:04


+------------------------------------------+
; Analysis & Synthesis Suppressed Messages ;
+------------------------------------------+
The suppressed messages can be found in D:/LH_Local/02-Development/Software/H1200/EmbeddedSoftwareDevelop/V1.0/ActionCPLD_StepMotor/output_files/H200_CPLD_Motor12.map.smsg.


