Flow report for H200_CPLD_Motor12
Fri Oct 27 16:00:26 2023
Quartus Prime Version 22.1std.1 Build 917 02/14/2023 SC Lite Edition


---------------------
; Table of Contents ;
---------------------
  1. Legal Notice
  2. Flow Summary
  3. Flow Settings
  4. Flow Non-Default Global Settings
  5. Flow Elapsed Time
  6. Flow OS Summary
  7. Flow Log
  8. Flow Messages
  9. Flow Suppressed Messages



----------------
; Legal Notice ;
----------------
Copyright (C) 2023  Intel Corporation. All rights reserved.
Your use of Intel Corporation's design tools, logic functions 
and other software and tools, and any partner logic 
functions, and any output files from any of the foregoing 
(including device programming or simulation files), and any 
associated documentation or information are expressly subject 
to the terms and conditions of the Intel Program License 
Subscription Agreement, the Intel Quartus Prime License Agreement,
the Intel FPGA IP License Agreement, or other applicable license
agreement, including, without limitation, that your use is for
the sole purpose of programming logic devices manufactured by
Intel and sold by Intel or its authorized distributors.  Please
refer to the applicable agreement for further details, at
https://fpgasoftware.intel.com/eula.



+------------------------------------------------------------------------+
; Flow Summary                                                           ;
+-----------------------+------------------------------------------------+
; Flow Status           ; Successful - Fri Oct 27 16:00:24 2023          ;
; Quartus Prime Version ; 22.1std.1 Build 917 02/14/2023 SC Lite Edition ;
; Revision Name         ; H200_CPLD_Motor12                              ;
; Top-level Entity Name ; H200_CPLD_Motor12                              ;
; Family                ; MAX II                                         ;
; Device                ; EPM1270T144C5                                  ;
; Timing Models         ; Final                                          ;
; Total logic elements  ; 1,125 / 1,270 ( 89 % )                         ;
; Total pins            ; 112 / 116 ( 97 % )                             ;
; Total virtual pins    ; 0                                              ;
; UFM blocks            ; 0 / 1 ( 0 % )                                  ;
+-----------------------+------------------------------------------------+


+-----------------------------------------+
; Flow Settings                           ;
+-------------------+---------------------+
; Option            ; Setting             ;
+-------------------+---------------------+
; Start date & time ; 10/27/2023 16:00:13 ;
; Main task         ; Compilation         ;
; Revision Name     ; H200_CPLD_Motor12   ;
+-------------------+---------------------+


+--------------------------------------------------------------------------------------------------------------------+
; Flow Non-Default Global Settings                                                                                   ;
+---------------------------------------+---------------------------------+---------------+-------------+------------+
; Assignment Name                       ; Value                           ; Default Value ; Entity Name ; Section Id ;
+---------------------------------------+---------------------------------+---------------+-------------+------------+
; COMPILER_SIGNATURE_ID                 ; 215656227242583.169839361327408 ; --            ; --          ; --         ;
; MAX_CORE_JUNCTION_TEMP                ; 85                              ; --            ; --          ; --         ;
; MIN_CORE_JUNCTION_TEMP                ; 0                               ; --            ; --          ; --         ;
; POWER_EXT_SUPPLY_VOLTAGE_TO_REGULATOR ; 3.3V                            ; --            ; --          ; --         ;
; PROJECT_OUTPUT_DIRECTORY              ; output_files                    ; --            ; --          ; --         ;
+---------------------------------------+---------------------------------+---------------+-------------+------------+


+--------------------------------------------------------------------------------------------------------------------------+
; Flow Elapsed Time                                                                                                        ;
+----------------------+--------------+-------------------------+---------------------+------------------------------------+
; Module Name          ; Elapsed Time ; Average Processors Used ; Peak Virtual Memory ; Total CPU Time (on all processors) ;
+----------------------+--------------+-------------------------+---------------------+------------------------------------+
; Analysis & Synthesis ; 00:00:06     ; 1.0                     ; 4783 MB             ; 00:00:04                           ;
; Fitter               ; 00:00:03     ; 1.2                     ; 6139 MB             ; 00:00:01                           ;
; Assembler            ; 00:00:01     ; 1.0                     ; 4739 MB             ; 00:00:00                           ;
; Timing Analyzer      ; 00:00:01     ; 1.0                     ; 4747 MB             ; 00:00:00                           ;
; Total                ; 00:00:11     ; --                      ; --                  ; 00:00:05                           ;
+----------------------+--------------+-------------------------+---------------------+------------------------------------+


+------------------------------------------------------------------------------------+
; Flow OS Summary                                                                    ;
+----------------------+------------------+------------+------------+----------------+
; Module Name          ; Machine Hostname ; OS Name    ; OS Version ; Processor type ;
+----------------------+------------------+------------+------------+----------------+
; Analysis & Synthesis ; LiHeDev          ; Windows 10 ; 10.0       ; x86_64         ;
; Fitter               ; LiHeDev          ; Windows 10 ; 10.0       ; x86_64         ;
; Assembler            ; LiHeDev          ; Windows 10 ; 10.0       ; x86_64         ;
; Timing Analyzer      ; LiHeDev          ; Windows 10 ; 10.0       ; x86_64         ;
+----------------------+------------------+------------+------------+----------------+


------------
; Flow Log ;
------------
quartus_map --read_settings_files=on --write_settings_files=off H200_CPLD_Motor12 -c H200_CPLD_Motor12
quartus_fit --read_settings_files=off --write_settings_files=off H200_CPLD_Motor12 -c H200_CPLD_Motor12
quartus_asm --read_settings_files=off --write_settings_files=off H200_CPLD_Motor12 -c H200_CPLD_Motor12
quartus_sta H200_CPLD_Motor12 -c H200_CPLD_Motor12



